[2020-05-09T21:59:33.026] [INFO] request - 
request method: GET

request host: localhost:3000
request originalUrl:  /
request client ip:  ::1
request query:  {}
response time: 2020-5-9 21:59:32

[2020-05-09T21:59:33.335] [INFO] request - 
request method: GET

request host: localhost:3000
request originalUrl:  /koa-logo.png
request client ip:  ::1
request query:  {}
response time: 2020-5-9 21:59:33

[2020-05-09T21:59:46.358] [INFO] request - 
request method: GET

request host: localhost:3000
request originalUrl:  /
request client ip:  ::1
request query:  {}
response time: 2020-5-9 21:59:46

[2020-05-09T21:59:46.401] [INFO] request - 
request method: GET

request host: localhost:3000
request originalUrl:  /koa-logo.png
request client ip:  ::1
request query:  {}
response time: 2020-5-9 21:59:46

