[2020-05-09T22:02:14.906] [INFO] request - 
request method: GET

request host: localhost:3000
request originalUrl:  /
request client ip:  ::1
request query:  {}
response time: 2020-5-9 22:02:14

[2020-05-09T22:02:14.960] [INFO] request - 
request method: GET

request host: localhost:3000
request originalUrl:  /koa-logo.png
request client ip:  ::1
request query:  {}
response time: 2020-5-9 22:02:14

[2020-05-09T22:02:36.483] [INFO] request - 
request method: GET

request host: localhost:3000
request originalUrl:  /
request client ip:  ::1
request query:  {}
response time: 2020-5-9 22:02:36

[2020-05-09T22:02:36.550] [INFO] request - 
request method: GET

request host: localhost:3000
request originalUrl:  /koa-logo.png
request client ip:  ::1
request query:  {}
response time: 2020-5-9 22:02:36

[2020-05-09T22:03:00.625] [INFO] request - 
request method: GET

request host: localhost:3000
request originalUrl:  /
request client ip:  ::1
request query:  {}
response time: 2020-5-9 22:03:00

[2020-05-09T22:03:00.668] [INFO] request - 
request method: GET

request host: localhost:3000
request originalUrl:  /koa-logo.png
request client ip:  ::1
request query:  {}
response time: 2020-5-9 22:03:00

[2020-05-09T22:03:21.867] [INFO] request - 
request method: GET

request host: localhost:3000
request originalUrl:  /
request client ip:  ::1
request query:  {}
response time: 2020-5-9 22:03:21

[2020-05-09T22:03:21.918] [INFO] request - 
request method: GET

request host: localhost:3000
request originalUrl:  /koa-logo.png
request client ip:  ::1
request query:  {}
response time: 2020-5-9 22:03:21

[2020-05-09T22:03:27.397] [INFO] request - 
request method: GET

request host: localhost:3000
request originalUrl:  /
request client ip:  ::1
request query:  {}
response time: 2020-5-9 22:03:27

[2020-05-09T22:03:27.450] [INFO] request - 
request method: GET

request host: localhost:3000
request originalUrl:  /koa-logo.png
request client ip:  ::1
request query:  {}
response time: 2020-5-9 22:03:27

[2020-05-09T22:03:42.188] [INFO] request - 
request method: GET

request host: localhost:3000
request originalUrl:  /
request client ip:  ::1
request query:  {}
response time: 2020-5-9 22:03:42

[2020-05-09T22:03:42.232] [INFO] request - 
request method: GET

request host: localhost:3000
request originalUrl:  /koa-logo.png
request client ip:  ::1
request query:  {}
response time: 2020-5-9 22:03:42

[2020-05-09T22:03:58.870] [INFO] request - 
request method: GET

request host: localhost:3000
request originalUrl:  /
request client ip:  ::1
request query:  {}
response time: 2020-5-9 22:03:58

[2020-05-09T22:03:58.917] [INFO] request - 
request method: GET

request host: localhost:3000
request originalUrl:  /koa-logo.png
request client ip:  ::1
request query:  {}
response time: 2020-5-9 22:03:58

[2020-05-09T22:04:14.438] [INFO] request - 
request method: GET

request host: localhost:3000
request originalUrl:  /
request client ip:  ::1
request query:  {}
response time: 2020-5-9 22:04:14

[2020-05-09T22:04:14.480] [INFO] request - 
request method: GET

request host: localhost:3000
request originalUrl:  /koa-logo.png
request client ip:  ::1
request query:  {}
response time: 2020-5-9 22:04:14

[2020-05-09T22:04:31.464] [INFO] request - 
request method: GET

request host: localhost:3000
request originalUrl:  /
request client ip:  ::1
request query:  {}
response time: 2020-5-9 22:04:31

[2020-05-09T22:04:31.623] [INFO] request - 
request method: GET

request host: localhost:3000
request originalUrl:  /koa-logo.png
request client ip:  ::1
request query:  {}
response time: 2020-5-9 22:04:31

[2020-05-09T22:04:44.483] [INFO] request - 
request method: GET

request host: localhost:3000
request originalUrl:  /
request client ip:  ::1
request query:  {}
response time: 2020-5-9 22:04:44

[2020-05-09T22:04:44.522] [INFO] request - 
request method: GET

request host: localhost:3000
request originalUrl:  /koa-logo.png
request client ip:  ::1
request query:  {}
response time: 2020-5-9 22:04:44

[2020-05-09T22:05:22.423] [INFO] request - 
request method: GET

request host: localhost:3000
request originalUrl:  /
request client ip:  ::1
request query:  {}
response time: 2020-5-9 22:05:22

[2020-05-09T22:05:22.473] [INFO] request - 
request method: GET

request host: localhost:3000
request originalUrl:  /koa-logo.png
request client ip:  ::1
request query:  {}
response time: 2020-5-9 22:05:22

[2020-05-09T22:05:40.386] [INFO] request - 
request method: GET

request host: localhost:3000
request originalUrl:  /
request client ip:  ::1
request query:  {}
response time: 2020-5-9 22:05:40

[2020-05-09T22:05:40.435] [INFO] request - 
request method: GET

request host: localhost:3000
request originalUrl:  /koa-logo.png
request client ip:  ::1
request query:  {}
response time: 2020-5-9 22:05:40

[2020-05-09T22:05:53.332] [INFO] request - 
request method: GET

request host: localhost:3000
request originalUrl:  /
request client ip:  ::1
request query:  {}
response time: 2020-5-9 22:05:53

[2020-05-09T22:05:53.447] [INFO] request - 
request method: GET

request host: localhost:3000
request originalUrl:  /koa-logo.png
request client ip:  ::1
request query:  {}
response time: 2020-5-9 22:05:53

[2020-05-09T22:06:02.647] [INFO] request - 
request method: GET

request host: localhost:3000
request originalUrl:  /
request client ip:  ::1
request query:  {}
response time: 2020-5-9 22:06:02

[2020-05-09T22:06:02.727] [INFO] request - 
request method: GET

request host: localhost:3000
request originalUrl:  /koa-logo.png
request client ip:  ::1
request query:  {}
response time: 2020-5-9 22:06:02

[2020-05-09T22:06:08.208] [INFO] request - 
request method: GET

request host: localhost:3000
request originalUrl:  /
request client ip:  ::1
request query:  {}
response time: 2020-5-9 22:06:08

[2020-05-09T22:06:08.273] [INFO] request - 
request method: GET

request host: localhost:3000
request originalUrl:  /koa-logo.png
request client ip:  ::1
request query:  {}
response time: 2020-5-9 22:06:08

[2020-05-09T22:06:13.114] [INFO] request - 
request method: GET

request host: localhost:3000
request originalUrl:  /
request client ip:  ::1
request query:  {}
response time: 2020-5-9 22:06:13

[2020-05-09T22:06:13.167] [INFO] request - 
request method: GET

request host: localhost:3000
request originalUrl:  /koa-logo.png
request client ip:  ::1
request query:  {}
response time: 2020-5-9 22:06:13

[2020-05-09T22:07:09.271] [INFO] request - 
request method: GET

request host: localhost:3000
request originalUrl:  /
request client ip:  ::1
request query:  {}
response time: 2020-5-9 22:07:09

[2020-05-09T22:07:09.319] [INFO] request - 
request method: GET

request host: localhost:3000
request originalUrl:  /koa-logo.png
request client ip:  ::1
request query:  {}
response time: 2020-5-9 22:07:09

[2020-05-09T22:07:21.929] [INFO] request - 
request method: GET

request host: localhost:3000
request originalUrl:  /
request client ip:  ::1
request query:  {}
response time: 2020-5-9 22:07:21

[2020-05-09T22:07:21.980] [INFO] request - 
request method: GET

request host: localhost:3000
request originalUrl:  /koa-logo.png
request client ip:  ::1
request query:  {}
response time: 2020-5-9 22:07:21

[2020-05-09T22:07:28.937] [INFO] request - 
request method: GET

request host: localhost:3000
request originalUrl:  /
request client ip:  ::1
request query:  {}
response time: 2020-5-9 22:07:28

[2020-05-09T22:07:28.979] [INFO] request - 
request method: GET

request host: localhost:3000
request originalUrl:  /koa-logo.png
request client ip:  ::1
request query:  {}
response time: 2020-5-9 22:07:28

