[2020-05-09T21:59:33.171] [INFO] response - 
*************** response log start ***************

request method: GET

request host: localhost:3000
request originalUrl:  /
request client ip:  ::1
request query:  {}
response time: 2020-5-9 21:59:33
response status: 200
response body: {"_readableState":{"objectMode":false,"highWaterMark":65536,"buffer":{"head":null,"tail":null,"length":0},"length":0,"pipes":null,"pipesCount":0,"flowing":null,"ended":false,"endEmitted":false,"reading":false,"sync":true,"needReadable":false,"emittedReadable":false,"readableListening":false,"resumeScheduled":false,"paused":true,"emitClose":false,"destroyed":false,"defaultEncoding":"utf8","awaitDrain":0,"readingMore":false,"decoder":null,"encoding":null},"readable":true,"domain":null,"_events":{},"_eventsCount":2,"path":"D:\\project\\koa-ts-template\\public\\index.html","fd":null,"flags":"r","mode":438,"end":null,"autoClose":true,"bytesRead":0,"closed":false}
*************** response log end ***************

[2020-05-09T21:59:33.338] [INFO] response - 
*************** response log start ***************

request method: GET

request host: localhost:3000
request originalUrl:  /koa-logo.png
request client ip:  ::1
request query:  {}
response time: 2020-5-9 21:59:33
response status: 200
response body: {"_readableState":{"objectMode":false,"highWaterMark":65536,"buffer":{"head":null,"tail":null,"length":0},"length":0,"pipes":null,"pipesCount":0,"flowing":null,"ended":false,"endEmitted":false,"reading":false,"sync":true,"needReadable":false,"emittedReadable":false,"readableListening":false,"resumeScheduled":false,"paused":true,"emitClose":false,"destroyed":false,"defaultEncoding":"utf8","awaitDrain":0,"readingMore":false,"decoder":null,"encoding":null},"readable":true,"domain":null,"_events":{},"_eventsCount":2,"path":"D:\\project\\koa-ts-template\\public\\koa-logo.png","fd":null,"flags":"r","mode":438,"end":null,"autoClose":true,"bytesRead":0,"closed":false}
*************** response log end ***************

[2020-05-09T21:59:46.359] [INFO] response - 
*************** response log start ***************

request method: GET

request host: localhost:3000
request originalUrl:  /
request client ip:  ::1
request query:  {}
response time: 2020-5-9 21:59:46
response status: 200
response body: {"_readableState":{"objectMode":false,"highWaterMark":65536,"buffer":{"head":null,"tail":null,"length":0},"length":0,"pipes":null,"pipesCount":0,"flowing":null,"ended":false,"endEmitted":false,"reading":false,"sync":true,"needReadable":false,"emittedReadable":false,"readableListening":false,"resumeScheduled":false,"paused":true,"emitClose":false,"destroyed":false,"defaultEncoding":"utf8","awaitDrain":0,"readingMore":false,"decoder":null,"encoding":null},"readable":true,"domain":null,"_events":{},"_eventsCount":2,"path":"D:\\project\\koa-ts-template\\public\\index.html","fd":null,"flags":"r","mode":438,"end":null,"autoClose":true,"bytesRead":0,"closed":false}
*************** response log end ***************

[2020-05-09T21:59:46.405] [INFO] response - 
*************** response log start ***************

request method: GET

request host: localhost:3000
request originalUrl:  /koa-logo.png
request client ip:  ::1
request query:  {}
response time: 2020-5-9 21:59:46
response status: 200
response body: {"_readableState":{"objectMode":false,"highWaterMark":65536,"buffer":{"head":null,"tail":null,"length":0},"length":0,"pipes":null,"pipesCount":0,"flowing":null,"ended":false,"endEmitted":false,"reading":false,"sync":true,"needReadable":false,"emittedReadable":false,"readableListening":false,"resumeScheduled":false,"paused":true,"emitClose":false,"destroyed":false,"defaultEncoding":"utf8","awaitDrain":0,"readingMore":false,"decoder":null,"encoding":null},"readable":true,"domain":null,"_events":{},"_eventsCount":2,"path":"D:\\project\\koa-ts-template\\public\\koa-logo.png","fd":null,"flags":"r","mode":438,"end":null,"autoClose":true,"bytesRead":0,"closed":false}
*************** response log end ***************

