[2020-05-09T22:02:14.910] [INFO] response - 
*************** response log start ***************

request method: GET

request host: localhost:3000
request originalUrl:  /
request client ip:  ::1
request query:  {}
response time: 2020-5-9 22:02:14
response status: 200
response body: {"_readableState":{"objectMode":false,"highWaterMark":65536,"buffer":{"head":null,"tail":null,"length":0},"length":0,"pipes":null,"pipesCount":0,"flowing":null,"ended":false,"endEmitted":false,"reading":false,"sync":true,"needReadable":false,"emittedReadable":false,"readableListening":false,"resumeScheduled":false,"paused":true,"emitClose":false,"destroyed":false,"defaultEncoding":"utf8","awaitDrain":0,"readingMore":false,"decoder":null,"encoding":null},"readable":true,"domain":null,"_events":{},"_eventsCount":2,"path":"D:\\project\\koa-ts-template\\public\\index.html","fd":null,"flags":"r","mode":438,"end":null,"autoClose":true,"bytesRead":0,"closed":false}
*************** response log end ***************

[2020-05-09T22:02:14.962] [INFO] response - 
*************** response log start ***************

request method: GET

request host: localhost:3000
request originalUrl:  /koa-logo.png
request client ip:  ::1
request query:  {}
response time: 2020-5-9 22:02:14
response status: 200
response body: {"_readableState":{"objectMode":false,"highWaterMark":65536,"buffer":{"head":null,"tail":null,"length":0},"length":0,"pipes":null,"pipesCount":0,"flowing":null,"ended":false,"endEmitted":false,"reading":false,"sync":true,"needReadable":false,"emittedReadable":false,"readableListening":false,"resumeScheduled":false,"paused":true,"emitClose":false,"destroyed":false,"defaultEncoding":"utf8","awaitDrain":0,"readingMore":false,"decoder":null,"encoding":null},"readable":true,"domain":null,"_events":{},"_eventsCount":2,"path":"D:\\project\\koa-ts-template\\public\\koa-logo.png","fd":null,"flags":"r","mode":438,"end":null,"autoClose":true,"bytesRead":0,"closed":false}
*************** response log end ***************

[2020-05-09T22:02:36.485] [INFO] response - 
*************** response log start ***************

request method: GET

request host: localhost:3000
request originalUrl:  /
request client ip:  ::1
request query:  {}
response time: 2020-5-9 22:02:36
response status: 200
response body: {"_readableState":{"objectMode":false,"highWaterMark":65536,"buffer":{"head":null,"tail":null,"length":0},"length":0,"pipes":null,"pipesCount":0,"flowing":null,"ended":false,"endEmitted":false,"reading":false,"sync":true,"needReadable":false,"emittedReadable":false,"readableListening":false,"resumeScheduled":false,"paused":true,"emitClose":false,"destroyed":false,"defaultEncoding":"utf8","awaitDrain":0,"readingMore":false,"decoder":null,"encoding":null},"readable":true,"domain":null,"_events":{},"_eventsCount":2,"path":"D:\\project\\koa-ts-template\\public\\index.html","fd":null,"flags":"r","mode":438,"end":null,"autoClose":true,"bytesRead":0,"closed":false}
*************** response log end ***************

[2020-05-09T22:02:36.553] [INFO] response - 
*************** response log start ***************

request method: GET

request host: localhost:3000
request originalUrl:  /koa-logo.png
request client ip:  ::1
request query:  {}
response time: 2020-5-9 22:02:36
response status: 200
response body: {"_readableState":{"objectMode":false,"highWaterMark":65536,"buffer":{"head":null,"tail":null,"length":0},"length":0,"pipes":null,"pipesCount":0,"flowing":null,"ended":false,"endEmitted":false,"reading":false,"sync":true,"needReadable":false,"emittedReadable":false,"readableListening":false,"resumeScheduled":false,"paused":true,"emitClose":false,"destroyed":false,"defaultEncoding":"utf8","awaitDrain":0,"readingMore":false,"decoder":null,"encoding":null},"readable":true,"domain":null,"_events":{},"_eventsCount":2,"path":"D:\\project\\koa-ts-template\\public\\koa-logo.png","fd":null,"flags":"r","mode":438,"end":null,"autoClose":true,"bytesRead":0,"closed":false}
*************** response log end ***************

[2020-05-09T22:03:00.627] [INFO] response - 
*************** response log start ***************

request method: GET

request host: localhost:3000
request originalUrl:  /
request client ip:  ::1
request query:  {}
response time: 2020-5-9 22:03:00
response status: 200
response body: {"_readableState":{"objectMode":false,"highWaterMark":65536,"buffer":{"head":null,"tail":null,"length":0},"length":0,"pipes":null,"pipesCount":0,"flowing":null,"ended":false,"endEmitted":false,"reading":false,"sync":true,"needReadable":false,"emittedReadable":false,"readableListening":false,"resumeScheduled":false,"paused":true,"emitClose":false,"destroyed":false,"defaultEncoding":"utf8","awaitDrain":0,"readingMore":false,"decoder":null,"encoding":null},"readable":true,"domain":null,"_events":{},"_eventsCount":2,"path":"D:\\project\\koa-ts-template\\public\\index.html","fd":null,"flags":"r","mode":438,"end":null,"autoClose":true,"bytesRead":0,"closed":false}
*************** response log end ***************

[2020-05-09T22:03:00.672] [INFO] response - 
*************** response log start ***************

request method: GET

request host: localhost:3000
request originalUrl:  /koa-logo.png
request client ip:  ::1
request query:  {}
response time: 2020-5-9 22:03:00
response status: 200
response body: {"_readableState":{"objectMode":false,"highWaterMark":65536,"buffer":{"head":null,"tail":null,"length":0},"length":0,"pipes":null,"pipesCount":0,"flowing":null,"ended":false,"endEmitted":false,"reading":false,"sync":true,"needReadable":false,"emittedReadable":false,"readableListening":false,"resumeScheduled":false,"paused":true,"emitClose":false,"destroyed":false,"defaultEncoding":"utf8","awaitDrain":0,"readingMore":false,"decoder":null,"encoding":null},"readable":true,"domain":null,"_events":{},"_eventsCount":2,"path":"D:\\project\\koa-ts-template\\public\\koa-logo.png","fd":null,"flags":"r","mode":438,"end":null,"autoClose":true,"bytesRead":0,"closed":false}
*************** response log end ***************

[2020-05-09T22:03:21.872] [INFO] response - 
*************** response log start ***************

request method: GET

request host: localhost:3000
request originalUrl:  /
request client ip:  ::1
request query:  {}
response time: 2020-5-9 22:03:21
response status: 200
response body: {"_readableState":{"objectMode":false,"highWaterMark":65536,"buffer":{"head":null,"tail":null,"length":0},"length":0,"pipes":null,"pipesCount":0,"flowing":null,"ended":false,"endEmitted":false,"reading":false,"sync":true,"needReadable":false,"emittedReadable":false,"readableListening":false,"resumeScheduled":false,"paused":true,"emitClose":false,"destroyed":false,"defaultEncoding":"utf8","awaitDrain":0,"readingMore":false,"decoder":null,"encoding":null},"readable":true,"domain":null,"_events":{},"_eventsCount":2,"path":"D:\\project\\koa-ts-template\\public\\index.html","fd":null,"flags":"r","mode":438,"end":null,"autoClose":true,"bytesRead":0,"closed":false}
*************** response log end ***************

[2020-05-09T22:03:21.921] [INFO] response - 
*************** response log start ***************

request method: GET

request host: localhost:3000
request originalUrl:  /koa-logo.png
request client ip:  ::1
request query:  {}
response time: 2020-5-9 22:03:21
response status: 200
response body: {"_readableState":{"objectMode":false,"highWaterMark":65536,"buffer":{"head":null,"tail":null,"length":0},"length":0,"pipes":null,"pipesCount":0,"flowing":null,"ended":false,"endEmitted":false,"reading":false,"sync":true,"needReadable":false,"emittedReadable":false,"readableListening":false,"resumeScheduled":false,"paused":true,"emitClose":false,"destroyed":false,"defaultEncoding":"utf8","awaitDrain":0,"readingMore":false,"decoder":null,"encoding":null},"readable":true,"domain":null,"_events":{},"_eventsCount":2,"path":"D:\\project\\koa-ts-template\\public\\koa-logo.png","fd":null,"flags":"r","mode":438,"end":null,"autoClose":true,"bytesRead":0,"closed":false}
*************** response log end ***************

[2020-05-09T22:03:27.399] [INFO] response - 
*************** response log start ***************

request method: GET

request host: localhost:3000
request originalUrl:  /
request client ip:  ::1
request query:  {}
response time: 2020-5-9 22:03:27
response status: 200
response body: {"_readableState":{"objectMode":false,"highWaterMark":65536,"buffer":{"head":null,"tail":null,"length":0},"length":0,"pipes":null,"pipesCount":0,"flowing":null,"ended":false,"endEmitted":false,"reading":false,"sync":true,"needReadable":false,"emittedReadable":false,"readableListening":false,"resumeScheduled":false,"paused":true,"emitClose":false,"destroyed":false,"defaultEncoding":"utf8","awaitDrain":0,"readingMore":false,"decoder":null,"encoding":null},"readable":true,"domain":null,"_events":{},"_eventsCount":2,"path":"D:\\project\\koa-ts-template\\public\\index.html","fd":null,"flags":"r","mode":438,"end":null,"autoClose":true,"bytesRead":0,"closed":false}
*************** response log end ***************

[2020-05-09T22:03:27.453] [INFO] response - 
*************** response log start ***************

request method: GET

request host: localhost:3000
request originalUrl:  /koa-logo.png
request client ip:  ::1
request query:  {}
response time: 2020-5-9 22:03:27
response status: 200
response body: {"_readableState":{"objectMode":false,"highWaterMark":65536,"buffer":{"head":null,"tail":null,"length":0},"length":0,"pipes":null,"pipesCount":0,"flowing":null,"ended":false,"endEmitted":false,"reading":false,"sync":true,"needReadable":false,"emittedReadable":false,"readableListening":false,"resumeScheduled":false,"paused":true,"emitClose":false,"destroyed":false,"defaultEncoding":"utf8","awaitDrain":0,"readingMore":false,"decoder":null,"encoding":null},"readable":true,"domain":null,"_events":{},"_eventsCount":2,"path":"D:\\project\\koa-ts-template\\public\\koa-logo.png","fd":null,"flags":"r","mode":438,"end":null,"autoClose":true,"bytesRead":0,"closed":false}
*************** response log end ***************

[2020-05-09T22:03:42.190] [INFO] response - 
*************** response log start ***************

request method: GET

request host: localhost:3000
request originalUrl:  /
request client ip:  ::1
request query:  {}
response time: 2020-5-9 22:03:42
response status: 200
response body: {"_readableState":{"objectMode":false,"highWaterMark":65536,"buffer":{"head":null,"tail":null,"length":0},"length":0,"pipes":null,"pipesCount":0,"flowing":null,"ended":false,"endEmitted":false,"reading":false,"sync":true,"needReadable":false,"emittedReadable":false,"readableListening":false,"resumeScheduled":false,"paused":true,"emitClose":false,"destroyed":false,"defaultEncoding":"utf8","awaitDrain":0,"readingMore":false,"decoder":null,"encoding":null},"readable":true,"domain":null,"_events":{},"_eventsCount":2,"path":"D:\\project\\koa-ts-template\\public\\index.html","fd":null,"flags":"r","mode":438,"end":null,"autoClose":true,"bytesRead":0,"closed":false}
*************** response log end ***************

[2020-05-09T22:03:42.234] [INFO] response - 
*************** response log start ***************

request method: GET

request host: localhost:3000
request originalUrl:  /koa-logo.png
request client ip:  ::1
request query:  {}
response time: 2020-5-9 22:03:42
response status: 200
response body: {"_readableState":{"objectMode":false,"highWaterMark":65536,"buffer":{"head":null,"tail":null,"length":0},"length":0,"pipes":null,"pipesCount":0,"flowing":null,"ended":false,"endEmitted":false,"reading":false,"sync":true,"needReadable":false,"emittedReadable":false,"readableListening":false,"resumeScheduled":false,"paused":true,"emitClose":false,"destroyed":false,"defaultEncoding":"utf8","awaitDrain":0,"readingMore":false,"decoder":null,"encoding":null},"readable":true,"domain":null,"_events":{},"_eventsCount":2,"path":"D:\\project\\koa-ts-template\\public\\koa-logo.png","fd":null,"flags":"r","mode":438,"end":null,"autoClose":true,"bytesRead":0,"closed":false}
*************** response log end ***************

[2020-05-09T22:03:58.872] [INFO] response - 
*************** response log start ***************

request method: GET

request host: localhost:3000
request originalUrl:  /
request client ip:  ::1
request query:  {}
response time: 2020-5-9 22:03:58
response status: 200
response body: {"_readableState":{"objectMode":false,"highWaterMark":65536,"buffer":{"head":null,"tail":null,"length":0},"length":0,"pipes":null,"pipesCount":0,"flowing":null,"ended":false,"endEmitted":false,"reading":false,"sync":true,"needReadable":false,"emittedReadable":false,"readableListening":false,"resumeScheduled":false,"paused":true,"emitClose":false,"destroyed":false,"defaultEncoding":"utf8","awaitDrain":0,"readingMore":false,"decoder":null,"encoding":null},"readable":true,"domain":null,"_events":{},"_eventsCount":2,"path":"D:\\project\\koa-ts-template\\public\\index.html","fd":null,"flags":"r","mode":438,"end":null,"autoClose":true,"bytesRead":0,"closed":false}
*************** response log end ***************

[2020-05-09T22:03:58.921] [INFO] response - 
*************** response log start ***************

request method: GET

request host: localhost:3000
request originalUrl:  /koa-logo.png
request client ip:  ::1
request query:  {}
response time: 2020-5-9 22:03:58
response status: 200
response body: {"_readableState":{"objectMode":false,"highWaterMark":65536,"buffer":{"head":null,"tail":null,"length":0},"length":0,"pipes":null,"pipesCount":0,"flowing":null,"ended":false,"endEmitted":false,"reading":false,"sync":true,"needReadable":false,"emittedReadable":false,"readableListening":false,"resumeScheduled":false,"paused":true,"emitClose":false,"destroyed":false,"defaultEncoding":"utf8","awaitDrain":0,"readingMore":false,"decoder":null,"encoding":null},"readable":true,"domain":null,"_events":{},"_eventsCount":2,"path":"D:\\project\\koa-ts-template\\public\\koa-logo.png","fd":null,"flags":"r","mode":438,"end":null,"autoClose":true,"bytesRead":0,"closed":false}
*************** response log end ***************

[2020-05-09T22:04:14.440] [INFO] response - 
*************** response log start ***************

request method: GET

request host: localhost:3000
request originalUrl:  /
request client ip:  ::1
request query:  {}
response time: 2020-5-9 22:04:14
response status: 200
response body: {"_readableState":{"objectMode":false,"highWaterMark":65536,"buffer":{"head":null,"tail":null,"length":0},"length":0,"pipes":null,"pipesCount":0,"flowing":null,"ended":false,"endEmitted":false,"reading":false,"sync":true,"needReadable":false,"emittedReadable":false,"readableListening":false,"resumeScheduled":false,"paused":true,"emitClose":false,"destroyed":false,"defaultEncoding":"utf8","awaitDrain":0,"readingMore":false,"decoder":null,"encoding":null},"readable":true,"domain":null,"_events":{},"_eventsCount":2,"path":"D:\\project\\koa-ts-template\\public\\index.html","fd":null,"flags":"r","mode":438,"end":null,"autoClose":true,"bytesRead":0,"closed":false}
*************** response log end ***************

[2020-05-09T22:04:14.483] [INFO] response - 
*************** response log start ***************

request method: GET

request host: localhost:3000
request originalUrl:  /koa-logo.png
request client ip:  ::1
request query:  {}
response time: 2020-5-9 22:04:14
response status: 200
response body: {"_readableState":{"objectMode":false,"highWaterMark":65536,"buffer":{"head":null,"tail":null,"length":0},"length":0,"pipes":null,"pipesCount":0,"flowing":null,"ended":false,"endEmitted":false,"reading":false,"sync":true,"needReadable":false,"emittedReadable":false,"readableListening":false,"resumeScheduled":false,"paused":true,"emitClose":false,"destroyed":false,"defaultEncoding":"utf8","awaitDrain":0,"readingMore":false,"decoder":null,"encoding":null},"readable":true,"domain":null,"_events":{},"_eventsCount":2,"path":"D:\\project\\koa-ts-template\\public\\koa-logo.png","fd":null,"flags":"r","mode":438,"end":null,"autoClose":true,"bytesRead":0,"closed":false}
*************** response log end ***************

[2020-05-09T22:04:31.466] [INFO] response - 
*************** response log start ***************

request method: GET

request host: localhost:3000
request originalUrl:  /
request client ip:  ::1
request query:  {}
response time: 2020-5-9 22:04:31
response status: 200
response body: {"_readableState":{"objectMode":false,"highWaterMark":65536,"buffer":{"head":null,"tail":null,"length":0},"length":0,"pipes":null,"pipesCount":0,"flowing":null,"ended":false,"endEmitted":false,"reading":false,"sync":true,"needReadable":false,"emittedReadable":false,"readableListening":false,"resumeScheduled":false,"paused":true,"emitClose":false,"destroyed":false,"defaultEncoding":"utf8","awaitDrain":0,"readingMore":false,"decoder":null,"encoding":null},"readable":true,"domain":null,"_events":{},"_eventsCount":2,"path":"D:\\project\\koa-ts-template\\public\\index.html","fd":null,"flags":"r","mode":438,"end":null,"autoClose":true,"bytesRead":0,"closed":false}
*************** response log end ***************

[2020-05-09T22:04:31.626] [INFO] response - 
*************** response log start ***************

request method: GET

request host: localhost:3000
request originalUrl:  /koa-logo.png
request client ip:  ::1
request query:  {}
response time: 2020-5-9 22:04:31
response status: 200
response body: {"_readableState":{"objectMode":false,"highWaterMark":65536,"buffer":{"head":null,"tail":null,"length":0},"length":0,"pipes":null,"pipesCount":0,"flowing":null,"ended":false,"endEmitted":false,"reading":false,"sync":true,"needReadable":false,"emittedReadable":false,"readableListening":false,"resumeScheduled":false,"paused":true,"emitClose":false,"destroyed":false,"defaultEncoding":"utf8","awaitDrain":0,"readingMore":false,"decoder":null,"encoding":null},"readable":true,"domain":null,"_events":{},"_eventsCount":2,"path":"D:\\project\\koa-ts-template\\public\\koa-logo.png","fd":null,"flags":"r","mode":438,"end":null,"autoClose":true,"bytesRead":0,"closed":false}
*************** response log end ***************

[2020-05-09T22:04:44.485] [INFO] response - 
*************** response log start ***************

request method: GET

request host: localhost:3000
request originalUrl:  /
request client ip:  ::1
request query:  {}
response time: 2020-5-9 22:04:44
response status: 200
response body: {"_readableState":{"objectMode":false,"highWaterMark":65536,"buffer":{"head":null,"tail":null,"length":0},"length":0,"pipes":null,"pipesCount":0,"flowing":null,"ended":false,"endEmitted":false,"reading":false,"sync":true,"needReadable":false,"emittedReadable":false,"readableListening":false,"resumeScheduled":false,"paused":true,"emitClose":false,"destroyed":false,"defaultEncoding":"utf8","awaitDrain":0,"readingMore":false,"decoder":null,"encoding":null},"readable":true,"domain":null,"_events":{},"_eventsCount":2,"path":"D:\\project\\koa-ts-template\\public\\index.html","fd":null,"flags":"r","mode":438,"end":null,"autoClose":true,"bytesRead":0,"closed":false}
*************** response log end ***************

[2020-05-09T22:04:44.524] [INFO] response - 
*************** response log start ***************

request method: GET

request host: localhost:3000
request originalUrl:  /koa-logo.png
request client ip:  ::1
request query:  {}
response time: 2020-5-9 22:04:44
response status: 200
response body: {"_readableState":{"objectMode":false,"highWaterMark":65536,"buffer":{"head":null,"tail":null,"length":0},"length":0,"pipes":null,"pipesCount":0,"flowing":null,"ended":false,"endEmitted":false,"reading":false,"sync":true,"needReadable":false,"emittedReadable":false,"readableListening":false,"resumeScheduled":false,"paused":true,"emitClose":false,"destroyed":false,"defaultEncoding":"utf8","awaitDrain":0,"readingMore":false,"decoder":null,"encoding":null},"readable":true,"domain":null,"_events":{},"_eventsCount":2,"path":"D:\\project\\koa-ts-template\\public\\koa-logo.png","fd":null,"flags":"r","mode":438,"end":null,"autoClose":true,"bytesRead":0,"closed":false}
*************** response log end ***************

[2020-05-09T22:05:22.425] [INFO] response - 
*************** response log start ***************

request method: GET

request host: localhost:3000
request originalUrl:  /
request client ip:  ::1
request query:  {}
response time: 2020-5-9 22:05:22
response status: 200
response body: {"_readableState":{"objectMode":false,"highWaterMark":65536,"buffer":{"head":null,"tail":null,"length":0},"length":0,"pipes":null,"pipesCount":0,"flowing":null,"ended":false,"endEmitted":false,"reading":false,"sync":true,"needReadable":false,"emittedReadable":false,"readableListening":false,"resumeScheduled":false,"paused":true,"emitClose":false,"destroyed":false,"defaultEncoding":"utf8","awaitDrain":0,"readingMore":false,"decoder":null,"encoding":null},"readable":true,"domain":null,"_events":{},"_eventsCount":2,"path":"D:\\project\\koa-ts-template\\public\\index.html","fd":null,"flags":"r","mode":438,"end":null,"autoClose":true,"bytesRead":0,"closed":false}
*************** response log end ***************

[2020-05-09T22:05:22.475] [INFO] response - 
*************** response log start ***************

request method: GET

request host: localhost:3000
request originalUrl:  /koa-logo.png
request client ip:  ::1
request query:  {}
response time: 2020-5-9 22:05:22
response status: 200
response body: {"_readableState":{"objectMode":false,"highWaterMark":65536,"buffer":{"head":null,"tail":null,"length":0},"length":0,"pipes":null,"pipesCount":0,"flowing":null,"ended":false,"endEmitted":false,"reading":false,"sync":true,"needReadable":false,"emittedReadable":false,"readableListening":false,"resumeScheduled":false,"paused":true,"emitClose":false,"destroyed":false,"defaultEncoding":"utf8","awaitDrain":0,"readingMore":false,"decoder":null,"encoding":null},"readable":true,"domain":null,"_events":{},"_eventsCount":2,"path":"D:\\project\\koa-ts-template\\public\\koa-logo.png","fd":null,"flags":"r","mode":438,"end":null,"autoClose":true,"bytesRead":0,"closed":false}
*************** response log end ***************

[2020-05-09T22:05:40.387] [INFO] response - 
*************** response log start ***************

request method: GET

request host: localhost:3000
request originalUrl:  /
request client ip:  ::1
request query:  {}
response time: 2020-5-9 22:05:40
response status: 200
response body: {"_readableState":{"objectMode":false,"highWaterMark":65536,"buffer":{"head":null,"tail":null,"length":0},"length":0,"pipes":null,"pipesCount":0,"flowing":null,"ended":false,"endEmitted":false,"reading":false,"sync":true,"needReadable":false,"emittedReadable":false,"readableListening":false,"resumeScheduled":false,"paused":true,"emitClose":false,"destroyed":false,"defaultEncoding":"utf8","awaitDrain":0,"readingMore":false,"decoder":null,"encoding":null},"readable":true,"domain":null,"_events":{},"_eventsCount":2,"path":"D:\\project\\koa-ts-template\\public\\index.html","fd":null,"flags":"r","mode":438,"end":null,"autoClose":true,"bytesRead":0,"closed":false}
*************** response log end ***************

[2020-05-09T22:05:40.438] [INFO] response - 
*************** response log start ***************

request method: GET

request host: localhost:3000
request originalUrl:  /koa-logo.png
request client ip:  ::1
request query:  {}
response time: 2020-5-9 22:05:40
response status: 200
response body: {"_readableState":{"objectMode":false,"highWaterMark":65536,"buffer":{"head":null,"tail":null,"length":0},"length":0,"pipes":null,"pipesCount":0,"flowing":null,"ended":false,"endEmitted":false,"reading":false,"sync":true,"needReadable":false,"emittedReadable":false,"readableListening":false,"resumeScheduled":false,"paused":true,"emitClose":false,"destroyed":false,"defaultEncoding":"utf8","awaitDrain":0,"readingMore":false,"decoder":null,"encoding":null},"readable":true,"domain":null,"_events":{},"_eventsCount":2,"path":"D:\\project\\koa-ts-template\\public\\koa-logo.png","fd":null,"flags":"r","mode":438,"end":null,"autoClose":true,"bytesRead":0,"closed":false}
*************** response log end ***************

[2020-05-09T22:05:53.333] [INFO] response - 
*************** response log start ***************

request method: GET

request host: localhost:3000
request originalUrl:  /
request client ip:  ::1
request query:  {}
response time: 2020-5-9 22:05:53
response status: 200
response body: {"_readableState":{"objectMode":false,"highWaterMark":65536,"buffer":{"head":null,"tail":null,"length":0},"length":0,"pipes":null,"pipesCount":0,"flowing":null,"ended":false,"endEmitted":false,"reading":false,"sync":true,"needReadable":false,"emittedReadable":false,"readableListening":false,"resumeScheduled":false,"paused":true,"emitClose":false,"destroyed":false,"defaultEncoding":"utf8","awaitDrain":0,"readingMore":false,"decoder":null,"encoding":null},"readable":true,"domain":null,"_events":{},"_eventsCount":2,"path":"D:\\project\\koa-ts-template\\public\\index.html","fd":null,"flags":"r","mode":438,"end":null,"autoClose":true,"bytesRead":0,"closed":false}
*************** response log end ***************

[2020-05-09T22:05:53.449] [INFO] response - 
*************** response log start ***************

request method: GET

request host: localhost:3000
request originalUrl:  /koa-logo.png
request client ip:  ::1
request query:  {}
response time: 2020-5-9 22:05:53
response status: 200
response body: {"_readableState":{"objectMode":false,"highWaterMark":65536,"buffer":{"head":null,"tail":null,"length":0},"length":0,"pipes":null,"pipesCount":0,"flowing":null,"ended":false,"endEmitted":false,"reading":false,"sync":true,"needReadable":false,"emittedReadable":false,"readableListening":false,"resumeScheduled":false,"paused":true,"emitClose":false,"destroyed":false,"defaultEncoding":"utf8","awaitDrain":0,"readingMore":false,"decoder":null,"encoding":null},"readable":true,"domain":null,"_events":{},"_eventsCount":2,"path":"D:\\project\\koa-ts-template\\public\\koa-logo.png","fd":null,"flags":"r","mode":438,"end":null,"autoClose":true,"bytesRead":0,"closed":false}
*************** response log end ***************

[2020-05-09T22:06:02.649] [INFO] response - 
*************** response log start ***************

request method: GET

request host: localhost:3000
request originalUrl:  /
request client ip:  ::1
request query:  {}
response time: 2020-5-9 22:06:02
response status: 200
response body: {"_readableState":{"objectMode":false,"highWaterMark":65536,"buffer":{"head":null,"tail":null,"length":0},"length":0,"pipes":null,"pipesCount":0,"flowing":null,"ended":false,"endEmitted":false,"reading":false,"sync":true,"needReadable":false,"emittedReadable":false,"readableListening":false,"resumeScheduled":false,"paused":true,"emitClose":false,"destroyed":false,"defaultEncoding":"utf8","awaitDrain":0,"readingMore":false,"decoder":null,"encoding":null},"readable":true,"domain":null,"_events":{},"_eventsCount":2,"path":"D:\\project\\koa-ts-template\\public\\index.html","fd":null,"flags":"r","mode":438,"end":null,"autoClose":true,"bytesRead":0,"closed":false}
*************** response log end ***************

[2020-05-09T22:06:02.731] [INFO] response - 
*************** response log start ***************

request method: GET

request host: localhost:3000
request originalUrl:  /koa-logo.png
request client ip:  ::1
request query:  {}
response time: 2020-5-9 22:06:02
response status: 200
response body: {"_readableState":{"objectMode":false,"highWaterMark":65536,"buffer":{"head":null,"tail":null,"length":0},"length":0,"pipes":null,"pipesCount":0,"flowing":null,"ended":false,"endEmitted":false,"reading":false,"sync":true,"needReadable":false,"emittedReadable":false,"readableListening":false,"resumeScheduled":false,"paused":true,"emitClose":false,"destroyed":false,"defaultEncoding":"utf8","awaitDrain":0,"readingMore":false,"decoder":null,"encoding":null},"readable":true,"domain":null,"_events":{},"_eventsCount":2,"path":"D:\\project\\koa-ts-template\\public\\koa-logo.png","fd":null,"flags":"r","mode":438,"end":null,"autoClose":true,"bytesRead":0,"closed":false}
*************** response log end ***************

[2020-05-09T22:06:08.210] [INFO] response - 
*************** response log start ***************

request method: GET

request host: localhost:3000
request originalUrl:  /
request client ip:  ::1
request query:  {}
response time: 2020-5-9 22:06:08
response status: 200
response body: {"_readableState":{"objectMode":false,"highWaterMark":65536,"buffer":{"head":null,"tail":null,"length":0},"length":0,"pipes":null,"pipesCount":0,"flowing":null,"ended":false,"endEmitted":false,"reading":false,"sync":true,"needReadable":false,"emittedReadable":false,"readableListening":false,"resumeScheduled":false,"paused":true,"emitClose":false,"destroyed":false,"defaultEncoding":"utf8","awaitDrain":0,"readingMore":false,"decoder":null,"encoding":null},"readable":true,"domain":null,"_events":{},"_eventsCount":2,"path":"D:\\project\\koa-ts-template\\public\\index.html","fd":null,"flags":"r","mode":438,"end":null,"autoClose":true,"bytesRead":0,"closed":false}
*************** response log end ***************

[2020-05-09T22:06:08.276] [INFO] response - 
*************** response log start ***************

request method: GET

request host: localhost:3000
request originalUrl:  /koa-logo.png
request client ip:  ::1
request query:  {}
response time: 2020-5-9 22:06:08
response status: 200
response body: {"_readableState":{"objectMode":false,"highWaterMark":65536,"buffer":{"head":null,"tail":null,"length":0},"length":0,"pipes":null,"pipesCount":0,"flowing":null,"ended":false,"endEmitted":false,"reading":false,"sync":true,"needReadable":false,"emittedReadable":false,"readableListening":false,"resumeScheduled":false,"paused":true,"emitClose":false,"destroyed":false,"defaultEncoding":"utf8","awaitDrain":0,"readingMore":false,"decoder":null,"encoding":null},"readable":true,"domain":null,"_events":{},"_eventsCount":2,"path":"D:\\project\\koa-ts-template\\public\\koa-logo.png","fd":null,"flags":"r","mode":438,"end":null,"autoClose":true,"bytesRead":0,"closed":false}
*************** response log end ***************

[2020-05-09T22:06:13.117] [INFO] response - 
*************** response log start ***************

request method: GET

request host: localhost:3000
request originalUrl:  /
request client ip:  ::1
request query:  {}
response time: 2020-5-9 22:06:13
response status: 200
response body: {"_readableState":{"objectMode":false,"highWaterMark":65536,"buffer":{"head":null,"tail":null,"length":0},"length":0,"pipes":null,"pipesCount":0,"flowing":null,"ended":false,"endEmitted":false,"reading":false,"sync":true,"needReadable":false,"emittedReadable":false,"readableListening":false,"resumeScheduled":false,"paused":true,"emitClose":false,"destroyed":false,"defaultEncoding":"utf8","awaitDrain":0,"readingMore":false,"decoder":null,"encoding":null},"readable":true,"domain":null,"_events":{},"_eventsCount":2,"path":"D:\\project\\koa-ts-template\\public\\index.html","fd":null,"flags":"r","mode":438,"end":null,"autoClose":true,"bytesRead":0,"closed":false}
*************** response log end ***************

[2020-05-09T22:06:13.173] [INFO] response - 
*************** response log start ***************

request method: GET

request host: localhost:3000
request originalUrl:  /koa-logo.png
request client ip:  ::1
request query:  {}
response time: 2020-5-9 22:06:13
response status: 200
response body: {"_readableState":{"objectMode":false,"highWaterMark":65536,"buffer":{"head":null,"tail":null,"length":0},"length":0,"pipes":null,"pipesCount":0,"flowing":null,"ended":false,"endEmitted":false,"reading":false,"sync":true,"needReadable":false,"emittedReadable":false,"readableListening":false,"resumeScheduled":false,"paused":true,"emitClose":false,"destroyed":false,"defaultEncoding":"utf8","awaitDrain":0,"readingMore":false,"decoder":null,"encoding":null},"readable":true,"domain":null,"_events":{},"_eventsCount":2,"path":"D:\\project\\koa-ts-template\\public\\koa-logo.png","fd":null,"flags":"r","mode":438,"end":null,"autoClose":true,"bytesRead":0,"closed":false}
*************** response log end ***************

[2020-05-09T22:07:09.274] [INFO] response - 
*************** response log start ***************

request method: GET

request host: localhost:3000
request originalUrl:  /
request client ip:  ::1
request query:  {}
response time: 2020-5-9 22:07:09
response status: 200
response body: {"_readableState":{"objectMode":false,"highWaterMark":65536,"buffer":{"head":null,"tail":null,"length":0},"length":0,"pipes":null,"pipesCount":0,"flowing":null,"ended":false,"endEmitted":false,"reading":false,"sync":true,"needReadable":false,"emittedReadable":false,"readableListening":false,"resumeScheduled":false,"paused":true,"emitClose":false,"destroyed":false,"defaultEncoding":"utf8","awaitDrain":0,"readingMore":false,"decoder":null,"encoding":null},"readable":true,"domain":null,"_events":{},"_eventsCount":2,"path":"D:\\project\\koa-ts-template\\public\\index.html","fd":null,"flags":"r","mode":438,"end":null,"autoClose":true,"bytesRead":0,"closed":false}
*************** response log end ***************

[2020-05-09T22:07:09.322] [INFO] response - 
*************** response log start ***************

request method: GET

request host: localhost:3000
request originalUrl:  /koa-logo.png
request client ip:  ::1
request query:  {}
response time: 2020-5-9 22:07:09
response status: 200
response body: {"_readableState":{"objectMode":false,"highWaterMark":65536,"buffer":{"head":null,"tail":null,"length":0},"length":0,"pipes":null,"pipesCount":0,"flowing":null,"ended":false,"endEmitted":false,"reading":false,"sync":true,"needReadable":false,"emittedReadable":false,"readableListening":false,"resumeScheduled":false,"paused":true,"emitClose":false,"destroyed":false,"defaultEncoding":"utf8","awaitDrain":0,"readingMore":false,"decoder":null,"encoding":null},"readable":true,"domain":null,"_events":{},"_eventsCount":2,"path":"D:\\project\\koa-ts-template\\public\\koa-logo.png","fd":null,"flags":"r","mode":438,"end":null,"autoClose":true,"bytesRead":0,"closed":false}
*************** response log end ***************

[2020-05-09T22:07:21.931] [INFO] response - 
*************** response log start ***************

request method: GET

request host: localhost:3000
request originalUrl:  /
request client ip:  ::1
request query:  {}
response time: 2020-5-9 22:07:21
response status: 200
response body: {"_readableState":{"objectMode":false,"highWaterMark":65536,"buffer":{"head":null,"tail":null,"length":0},"length":0,"pipes":null,"pipesCount":0,"flowing":null,"ended":false,"endEmitted":false,"reading":false,"sync":true,"needReadable":false,"emittedReadable":false,"readableListening":false,"resumeScheduled":false,"paused":true,"emitClose":false,"destroyed":false,"defaultEncoding":"utf8","awaitDrain":0,"readingMore":false,"decoder":null,"encoding":null},"readable":true,"domain":null,"_events":{},"_eventsCount":2,"path":"D:\\project\\koa-ts-template\\public\\index.html","fd":null,"flags":"r","mode":438,"end":null,"autoClose":true,"bytesRead":0,"closed":false}
*************** response log end ***************

[2020-05-09T22:07:21.982] [INFO] response - 
*************** response log start ***************

request method: GET

request host: localhost:3000
request originalUrl:  /koa-logo.png
request client ip:  ::1
request query:  {}
response time: 2020-5-9 22:07:21
response status: 200
response body: {"_readableState":{"objectMode":false,"highWaterMark":65536,"buffer":{"head":null,"tail":null,"length":0},"length":0,"pipes":null,"pipesCount":0,"flowing":null,"ended":false,"endEmitted":false,"reading":false,"sync":true,"needReadable":false,"emittedReadable":false,"readableListening":false,"resumeScheduled":false,"paused":true,"emitClose":false,"destroyed":false,"defaultEncoding":"utf8","awaitDrain":0,"readingMore":false,"decoder":null,"encoding":null},"readable":true,"domain":null,"_events":{},"_eventsCount":2,"path":"D:\\project\\koa-ts-template\\public\\koa-logo.png","fd":null,"flags":"r","mode":438,"end":null,"autoClose":true,"bytesRead":0,"closed":false}
*************** response log end ***************

[2020-05-09T22:07:28.939] [INFO] response - 
*************** response log start ***************

request method: GET

request host: localhost:3000
request originalUrl:  /
request client ip:  ::1
request query:  {}
response time: 2020-5-9 22:07:28
response status: 200
response body: {"_readableState":{"objectMode":false,"highWaterMark":65536,"buffer":{"head":null,"tail":null,"length":0},"length":0,"pipes":null,"pipesCount":0,"flowing":null,"ended":false,"endEmitted":false,"reading":false,"sync":true,"needReadable":false,"emittedReadable":false,"readableListening":false,"resumeScheduled":false,"paused":true,"emitClose":false,"destroyed":false,"defaultEncoding":"utf8","awaitDrain":0,"readingMore":false,"decoder":null,"encoding":null},"readable":true,"domain":null,"_events":{},"_eventsCount":2,"path":"D:\\project\\koa-ts-template\\public\\index.html","fd":null,"flags":"r","mode":438,"end":null,"autoClose":true,"bytesRead":0,"closed":false}
*************** response log end ***************

[2020-05-09T22:07:28.982] [INFO] response - 
*************** response log start ***************

request method: GET

request host: localhost:3000
request originalUrl:  /koa-logo.png
request client ip:  ::1
request query:  {}
response time: 2020-5-9 22:07:28
response status: 200
response body: {"_readableState":{"objectMode":false,"highWaterMark":65536,"buffer":{"head":null,"tail":null,"length":0},"length":0,"pipes":null,"pipesCount":0,"flowing":null,"ended":false,"endEmitted":false,"reading":false,"sync":true,"needReadable":false,"emittedReadable":false,"readableListening":false,"resumeScheduled":false,"paused":true,"emitClose":false,"destroyed":false,"defaultEncoding":"utf8","awaitDrain":0,"readingMore":false,"decoder":null,"encoding":null},"readable":true,"domain":null,"_events":{},"_eventsCount":2,"path":"D:\\project\\koa-ts-template\\public\\koa-logo.png","fd":null,"flags":"r","mode":438,"end":null,"autoClose":true,"bytesRead":0,"closed":false}
*************** response log end ***************

