[2020-06-17T23:22:41.210] [INFO] request - 
request method: GET

request host: localhost:3000
request originalUrl:  /
request client ip:  ::1
request query:  {}
response time: 2020-6-17 11:22:41 ├F10: PM┤

[2020-06-17T23:22:41.306] [INFO] request - 
request method: GET

request host: localhost:3000
request originalUrl:  /koa-logo.png
request client ip:  ::1
request query:  {}
response time: 2020-6-17 11:22:41 ├F10: PM┤

[2020-06-17T23:22:41.436] [INFO] request - 
request method: GET

request host: localhost:3000
request originalUrl:  /favicon.ico
request client ip:  ::1
request query:  {}
response time: 2020-6-17 11:22:41 ├F10: PM┤

[2020-06-17T23:25:36.283] [INFO] request - 
request method: GET

request host: localhost:3000
request originalUrl:  /
request client ip:  ::1
request query:  {}
response time: 2020-6-17 11:25:36 ├F10: PM┤

[2020-06-17T23:25:36.374] [INFO] request - 
request method: GET

request host: localhost:3000
request originalUrl:  /koa-logo.png
request client ip:  ::1
request query:  {}
response time: 2020-6-17 11:25:36 ├F10: PM┤

[2020-06-17T23:25:36.518] [INFO] request - 
request method: GET

request host: localhost:3000
request originalUrl:  /favicon.ico
request client ip:  ::1
request query:  {}
response time: 2020-6-17 11:25:36 ├F10: PM┤

[2020-06-17T23:25:40.748] [INFO] request - 
request method: GET

request host: localhost:3000
request originalUrl:  /swagger
request client ip:  ::1
request query:  {}
response time: 2020-6-17 11:25:40 ├F10: PM┤

[2020-06-17T23:25:41.485] [INFO] request - 
request method: GET

request host: localhost:3000
request originalUrl:  /swagger-json
request client ip:  ::1
request query:  {}
response time: 2020-6-17 11:25:41 ├F10: PM┤

